{
  "RSpec": {
    "coverage": {
      "/Users/josu/Documents/MakersAcademy/Projects/Course/Week-10/gilded_rose_tech_test/gilded_rose_ruby/spec/gilded_rose_spec.rb": [
        1,
        null,
        1,
        null,
        1,
        1,
        1,
        1,
        1,
        null,
        null,
        1,
        1,
        1,
        1,
        null,
        null,
        1,
        1,
        1,
        1,
        null,
        null,
        1,
        1,
        1,
        1,
        null,
        null,
        1,
        1,
        1,
        1,
        null,
        null,
        null,
        1,
        1,
        1,
        1,
        null,
        null,
        1,
        1,
        1,
        1,
        null,
        null,
        null,
        1,
        1,
        1,
        1,
        1,
        null,
        null,
        null,
        1,
        1,
        1,
        1,
        null,
        null,
        1,
        1,
        1,
        1,
        null,
        null,
        1,
        1,
        1,
        1,
        null,
        null,
        null
      ],
      "/Users/josu/Documents/MakersAcademy/Projects/Course/Week-10/gilded_rose_tech_test/gilded_rose_ruby/lib/gilded_rose.rb": [
        1,
        1,
        1,
        1,
        1,
        null,
        1,
        null,
        1,
        11,
        null,
        null,
        1,
        11,
        11,
        null,
        null,
        null
      ],
      "/Users/josu/Documents/MakersAcademy/Projects/Course/Week-10/gilded_rose_tech_test/gilded_rose_ruby/lib/item.rb": [
        1,
        1,
        null,
        1,
        5,
        5,
        5,
        null,
        null,
        1,
        0,
        null,
        null
      ],
      "/Users/josu/Documents/MakersAcademy/Projects/Course/Week-10/gilded_rose_tech_test/gilded_rose_ruby/lib/common_item.rb": [
        1,
        1,
        null,
        1,
        null,
        1,
        10,
        null,
        null,
        1,
        5,
        null,
        5,
        null,
        5,
        null,
        null,
        1,
        null,
        1,
        8,
        null,
        null,
        1,
        5,
        null,
        3,
        null,
        null
      ],
      "/Users/josu/Documents/MakersAcademy/Projects/Course/Week-10/gilded_rose_tech_test/gilded_rose_ruby/lib/legendary_item.rb": [
        1,
        1,
        null,
        1,
        1,
        1,
        1,
        null,
        null,
        1,
        1,
        null,
        null
      ],
      "/Users/josu/Documents/MakersAcademy/Projects/Course/Week-10/gilded_rose_tech_test/gilded_rose_ruby/lib/aged_item.rb": [
        1,
        1,
        null,
        1,
        2,
        2,
        2,
        null,
        null,
        1,
        2,
        2,
        null,
        null,
        1,
        null,
        1,
        2,
        null,
        null,
        null
      ],
      "/Users/josu/Documents/MakersAcademy/Projects/Course/Week-10/gilded_rose_tech_test/gilded_rose_ruby/lib/deadline_item.rb": [
        1,
        1,
        null,
        1,
        3,
        3,
        3,
        null,
        null,
        1,
        3,
        3,
        3,
        null,
        null,
        1,
        null,
        1,
        3,
        null,
        null,
        1,
        1,
        null,
        null,
        1,
        3,
        1,
        null,
        null
      ]
    },
    "timestamp": 1522321388
  }
}
