{
  "RSpec": {
    "coverage": {
      "/Users/josu/Documents/MakersAcademy/Projects/Course/Week-10/gilded_rose_tech_test/gilded_rose_ruby/spec/aged_item_spec.rb": [
        1,
        null,
        1,
        null,
        4,
        2,
        null,
        1,
        1,
        1,
        null,
        null,
        1,
        1,
        1,
        null,
        1,
        null,
        null,
        null,
        1,
        1,
        1,
        null,
        1,
        null,
        null,
        1,
        1,
        null,
        1,
        null,
        null,
        null,
        null
      ],
      "/Users/josu/Documents/MakersAcademy/Projects/Course/Week-10/gilded_rose_tech_test/gilded_rose_ruby/lib/aged_item.rb": [
        1,
        null,
        1,
        1,
        null,
        1,
        4,
        4,
        4,
        null,
        null,
        1,
        2,
        2,
        null,
        null,
        1,
        null,
        1,
        2,
        null,
        null,
        null
      ],
      "/Users/josu/Documents/MakersAcademy/Projects/Course/Week-10/gilded_rose_tech_test/gilded_rose_ruby/lib/common_item.rb": [
        1,
        null,
        1,
        1,
        null,
        1,
        null,
        1,
        14,
        null,
        null,
        1,
        3,
        null,
        3,
        null,
        3,
        null,
        null,
        1,
        null,
        1,
        11,
        null,
        null,
        1,
        7,
        null,
        6,
        null,
        null
      ],
      "/Users/josu/Documents/MakersAcademy/Projects/Course/Week-10/gilded_rose_tech_test/gilded_rose_ruby/lib/item.rb": [
        1,
        1,
        null,
        1,
        8,
        8,
        8,
        null,
        null,
        1,
        1,
        null,
        null
      ],
      "/Users/josu/Documents/MakersAcademy/Projects/Course/Week-10/gilded_rose_tech_test/gilded_rose_ruby/spec/common_item_spec.rb": [
        1,
        null,
        1,
        null,
        3,
        2,
        2,
        null,
        1,
        1,
        1,
        null,
        1,
        null,
        null,
        null,
        1,
        1,
        1,
        null,
        1,
        null,
        null,
        1,
        1,
        null,
        1,
        null,
        null,
        1,
        1,
        null,
        1,
        null,
        null,
        null
      ],
      "/Users/josu/Documents/MakersAcademy/Projects/Course/Week-10/gilded_rose_tech_test/gilded_rose_ruby/spec/conjured_item_spec.rb": [
        1,
        null,
        1,
        null,
        3,
        2,
        null,
        1,
        1,
        1,
        null,
        1,
        null,
        null,
        null,
        1,
        1,
        1,
        null,
        1,
        null,
        null,
        1,
        1,
        1,
        null,
        null,
        null
      ],
      "/Users/josu/Documents/MakersAcademy/Projects/Course/Week-10/gilded_rose_tech_test/gilded_rose_ruby/lib/conjured_item.rb": [
        1,
        1,
        2,
        2,
        null,
        2,
        2,
        null,
        null
      ],
      "/Users/josu/Documents/MakersAcademy/Projects/Course/Week-10/gilded_rose_tech_test/gilded_rose_ruby/spec/deadline_item_spec.rb": [
        1,
        null,
        1,
        null,
        4,
        2,
        2,
        null,
        1,
        1,
        1,
        null,
        null,
        null,
        1,
        1,
        1,
        null,
        1,
        null,
        null,
        null,
        1,
        1,
        1,
        null,
        1,
        null,
        null,
        1,
        1,
        null,
        1,
        null,
        null,
        1,
        1,
        null,
        1,
        null,
        null,
        null
      ],
      "/Users/josu/Documents/MakersAcademy/Projects/Course/Week-10/gilded_rose_tech_test/gilded_rose_ruby/lib/deadline_item.rb": [
        1,
        1,
        null,
        1,
        5,
        5,
        5,
        null,
        null,
        1,
        3,
        3,
        3,
        null,
        null,
        1,
        null,
        1,
        3,
        null,
        null,
        1,
        1,
        null,
        null,
        1,
        3,
        1,
        null,
        null
      ],
      "/Users/josu/Documents/MakersAcademy/Projects/Course/Week-10/gilded_rose_tech_test/gilded_rose_ruby/spec/gilded_rose_spec.rb": [
        1,
        null,
        1,
        null,
        2,
        2,
        2,
        2,
        2,
        null,
        2,
        null,
        2,
        null,
        1,
        1,
        1,
        1,
        1,
        1,
        1,
        null,
        1,
        null,
        null,
        null
      ],
      "/Users/josu/Documents/MakersAcademy/Projects/Course/Week-10/gilded_rose_tech_test/gilded_rose_ruby/lib/gilded_rose.rb": [
        1,
        1,
        1,
        1,
        1,
        null,
        1,
        null,
        1,
        1,
        null,
        null,
        1,
        1,
        4,
        null,
        null,
        null
      ],
      "/Users/josu/Documents/MakersAcademy/Projects/Course/Week-10/gilded_rose_tech_test/gilded_rose_ruby/lib/legendary_item.rb": [
        1,
        1,
        null,
        1,
        2,
        2,
        2,
        null,
        null,
        1,
        1,
        null,
        null
      ],
      "/Users/josu/Documents/MakersAcademy/Projects/Course/Week-10/gilded_rose_tech_test/gilded_rose_ruby/spec/item_spec.rb": [
        1,
        1,
        1,
        1,
        null,
        1,
        null,
        null,
        null
      ],
      "/Users/josu/Documents/MakersAcademy/Projects/Course/Week-10/gilded_rose_tech_test/gilded_rose_ruby/spec/legendary_item_spec.rb": [
        1,
        null,
        1,
        null,
        3,
        null,
        1,
        1,
        1,
        null,
        null,
        null,
        1,
        1,
        1,
        null,
        1,
        1,
        null,
        null,
        null
      ]
    },
    "timestamp": 1522412294
  }
}
